<?xml version="1.0" encoding="UTF-8"?>
<!-- Generated by org.testng.reporters.JUnitReportReporter -->
<testsuite hostname="DESKTOP-9PD5S9F" failures="0" tests="3" name="com.vtiger.tests.LoginTest" time="12.959" errors="0" timestamp="2023-04-23T12:35:36 IST" skipped="0">
  <testcase classname="com.vtiger.tests.LoginTest" name="InvalidLoginTC01" time="6.701"/>
  <testcase classname="com.vtiger.tests.LoginTest" name="validLoginTC02" time="5.741"/>
  <testcase classname="com.vtiger.tests.LoginTest" name="verifyLogoTC03" time="0.517"/>
</testsuite> <!-- com.vtiger.tests.LoginTest -->
